<?xml version="1.0" encoding="UTF-8"?>
<testng-results ignored="0" total="1" passed="1" failed="0" skipped="0">
  <reporter-output>
  </reporter-output>
  <suite started-at="2025-05-06T16:10:15 IST" name="Default suite" finished-at="2025-05-06T16:10:21 IST" duration-ms="5620">
    <groups>
    </groups>
    <test started-at="2025-05-06T16:10:15 IST" name="Default test" finished-at="2025-05-06T16:10:21 IST" duration-ms="5620">
      <class name="extentreports.ToAddScreenshotIntoReport">
        <test-method signature="addScreenshot()[pri:0, instance:extentreports.ToAddScreenshotIntoReport@6f1de4c7]" started-at="2025-05-06T16:10:15 IST" name="addScreenshot" finished-at="2025-05-06T16:10:21 IST" duration-ms="5552" status="PASS">
          <reporter-output>
          </reporter-output>
        </test-method> <!-- addScreenshot -->
      </class> <!-- extentreports.ToAddScreenshotIntoReport -->
    </test> <!-- Default test -->
  </suite> <!-- Default suite -->
</testng-results>
